<?xml version="1.0" encoding="UTF-8"?>
<!-- Generated by org.testng.reporters.JUnitReportReporter -->
<testsuite skipped="0" hostname="DESKTOP-93OHUQJ" name="com.training.sanity.tests.ELTC_017_AdminLogin" tests="1" failures="0" timestamp="29 Oct 2019 05:48:15 GMT" time="30.217" errors="0">
  <testcase name="validLoginTest" time="30.217" classname="com.training.sanity.tests.ELTC_017_AdminLogin"/>
</testsuite> <!-- com.training.sanity.tests.ELTC_017_AdminLogin -->
