<?xml version="1.0" encoding="UTF-8"?>
<!-- Generated by org.testng.reporters.JUnitReportReporter -->
<testsuite skipped="0" hostname="DESKTOP-93OHUQJ" name="com.training.sanity.tests.ELTC_018_ChangePassword" tests="1" failures="0" timestamp="26 Oct 2019 10:55:25 GMT" time="37.471" errors="0">
  <testcase name="validLoginTest" time="37.471" classname="com.training.sanity.tests.ELTC_018_ChangePassword"/>
</testsuite> <!-- com.training.sanity.tests.ELTC_018_ChangePassword -->
