<?xml version="1.0" encoding="UTF-8"?>
<!-- Generated by org.testng.reporters.JUnitReportReporter -->
<testsuite skipped="0" hostname="DESKTOP-93OHUQJ" name="com.training.sanity.tests.ELTC_019_ViewUserList" tests="1" failures="0" timestamp="26 Oct 2019 13:32:14 GMT" time="39.481" errors="0">
  <testcase name="validLoginTest" time="39.481" classname="com.training.sanity.tests.ELTC_019_ViewUserList"/>
</testsuite> <!-- com.training.sanity.tests.ELTC_019_ViewUserList -->
